d:\vs2017_project\fantasyrender\minirender\x64\debug\vc141.pdb
d:\vs2017_project\fantasyrender\minirender\x64\debug\vc141.idb
d:\vs2017_project\fantasyrender\minirender\x64\debug\triangle.obj
d:\vs2017_project\fantasyrender\minirender\x64\debug\tmp.obj
d:\vs2017_project\fantasyrender\minirender\x64\debug\tgaimage.obj
d:\vs2017_project\fantasyrender\minirender\x64\debug\math.obj
d:\vs2017_project\fantasyrender\minirender\x64\debug\main.obj
d:\vs2017_project\fantasyrender\x64\debug\fantasyrender.pdb
d:\vs2017_project\fantasyrender\minirender\x64\debug\fantasyrender.tlog\cl.command.1.tlog
d:\vs2017_project\fantasyrender\minirender\x64\debug\fantasyrender.tlog\cl.read.1.tlog
d:\vs2017_project\fantasyrender\minirender\x64\debug\fantasyrender.tlog\cl.write.1.tlog
d:\vs2017_project\fantasyrender\minirender\x64\debug\fantasyrender.tlog\link.15856-cvtres.read.1.tlog
d:\vs2017_project\fantasyrender\minirender\x64\debug\fantasyrender.tlog\link.15856-cvtres.write.1.tlog
d:\vs2017_project\fantasyrender\minirender\x64\debug\fantasyrender.tlog\link.15856-rc.read.1.tlog
d:\vs2017_project\fantasyrender\minirender\x64\debug\fantasyrender.tlog\link.15856-rc.write.1.tlog
d:\vs2017_project\fantasyrender\minirender\x64\debug\fantasyrender.tlog\link.15856.read.1.tlog
d:\vs2017_project\fantasyrender\minirender\x64\debug\fantasyrender.tlog\link.15856.write.1.tlog
d:\vs2017_project\fantasyrender\minirender\x64\debug\fantasyrender.tlog\link.command.1.tlog
d:\vs2017_project\fantasyrender\minirender\x64\debug\fantasyrender.tlog\link.read.1.tlog
d:\vs2017_project\fantasyrender\minirender\x64\debug\fantasyrender.tlog\link.write.1.tlog
