D:\Program Files (x86)\Microsoft Visual Studio\2017\Community\Common7\IDE\VC\VCTargets\Microsoft.CppBuild.targets(391,5): warning MSB8028: 中间目录(x64\Debug\)包含从另一个项目(miniRender.vcxproj)共享的文件。   这会导致错误的清除和重新生成行为。
  camera.cpp
  main.cpp
d:\vs2017_project\fantasyrender\minirender\tgaimage.h(44): warning C4244: “=”: 从“double”转换到“uint8_t”，可能丢失数据
d:\vs2017_project\fantasyrender\minirender\obj_loader.h(947): warning C4244: “初始化”: 从“double”转换到“float”，可能丢失数据
  rasterization.cpp
  scene.cpp
  tmp.cpp
d:\vs2017_project\fantasyrender\minirender\tgaimage.h(44): warning C4244: “=”: 从“double”转换到“uint8_t”，可能丢失数据
d:\vs2017_project\fantasyrender\minirender\tmp.cpp(29): warning C4244: “初始化”: 从“int”转换到“float”，可能丢失数据
d:\vs2017_project\fantasyrender\minirender\tmp.cpp(46): warning C4244: “参数”: 从“_Ty”转换到“int”，可能丢失数据
          with
          [
              _Ty=float
          ]
d:\vs2017_project\fantasyrender\minirender\tmp.cpp(47): warning C4244: “参数”: 从“_Ty”转换到“int”，可能丢失数据
          with
          [
              _Ty=float
          ]
d:\vs2017_project\fantasyrender\minirender\tmp.cpp(48): warning C4244: “参数”: 从“_Ty”转换到“int”，可能丢失数据
          with
          [
              _Ty=float
          ]
d:\vs2017_project\fantasyrender\minirender\tmp.cpp(53): warning C4244: “初始化”: 从“const _Ty”转换到“int”，可能丢失数据
          with
          [
              _Ty=float
          ]
d:\vs2017_project\fantasyrender\minirender\tmp.cpp(54): warning C4244: “初始化”: 从“const _Ty”转换到“int”，可能丢失数据
          with
          [
              _Ty=float
          ]
d:\vs2017_project\fantasyrender\minirender\tmp.cpp(55): warning C4244: “初始化”: 从“const _Ty”转换到“int”，可能丢失数据
          with
          [
              _Ty=float
          ]
d:\vs2017_project\fantasyrender\minirender\tmp.cpp(56): warning C4244: “初始化”: 从“const _Ty”转换到“int”，可能丢失数据
          with
          [
              _Ty=float
          ]
d:\vs2017_project\fantasyrender\minirender\tmp.cpp(60): error C2397: 从“int”转换到“_Ty”需要收缩转换
          with
          [
              _Ty=float
          ]
d:\vs2017_project\fantasyrender\minirender\tmp.cpp(60): warning C4244: “初始化”: 从“int”转换到“_Ty”，可能丢失数据
          with
          [
              _Ty=float
          ]
  tmp.h
d:\vs2017_project\fantasyrender\minirender\tgaimage.h(44): warning C4244: “=”: 从“double”转换到“uint8_t”，可能丢失数据
  mesh.cpp
d:\vs2017_project\fantasyrender\minirender\tgaimage.h(44): warning C4244: “=”: 从“double”转换到“uint8_t”，可能丢失数据
d:\vs2017_project\fantasyrender\minirender\mesh.cpp(30): error C2679: 二进制“=”: 没有找到接受“initializer list”类型的右操作数的运算符(或没有可接受的转换)
  d:\program files (x86)\microsoft visual studio\2017\community\vc\tools\msvc\14.16.27023\include\array(226): note: 可能是“std::array<std::array<float,4>,4> &std::array<std::array<float,4>,4>::operator =(std::array<std::array<float,4>,4> &&)”
  d:\program files (x86)\microsoft visual studio\2017\community\vc\tools\msvc\14.16.27023\include\array(226): note: 或    “std::array<std::array<float,4>,4> &std::array<std::array<float,4>,4>::operator =(const std::array<std::array<float,4>,4> &)”
  d:\vs2017_project\fantasyrender\minirender\mesh.cpp(34): note: 尝试匹配参数列表“(mat4f, initializer list)”时
  正在生成代码...
d:\vs2017_project\fantasyrender\minirender\rasterization.cpp(31): error C4716: “Rasterization::render”: 必须返回一个值
d:\vs2017_project\fantasyrender\minirender\rasterization.cpp(18): error C4716: “Rasterization::getIndex”: 必须返回一个值
