d:\vs2017_project\fantasyrender\1\build\fantasyrender.dir\release\window_windows.obj
d:\vs2017_project\fantasyrender\1\build\fantasyrender.dir\release\type.obj
d:\vs2017_project\fantasyrender\1\build\fantasyrender.dir\release\tgaimage.obj
d:\vs2017_project\fantasyrender\1\build\fantasyrender.dir\release\texture.obj
d:\vs2017_project\fantasyrender\1\build\fantasyrender.dir\release\shader.obj
d:\vs2017_project\fantasyrender\1\build\fantasyrender.dir\release\scene.obj
d:\vs2017_project\fantasyrender\1\build\fantasyrender.dir\release\rasterization.obj
d:\vs2017_project\fantasyrender\1\build\fantasyrender.dir\release\mesh.obj
d:\vs2017_project\fantasyrender\1\build\fantasyrender.dir\release\main.obj
d:\vs2017_project\fantasyrender\1\build\fantasyrender.dir\release\camera.obj
d:\vs2017_project\fantasyrender\1\build\cmakefiles\generate.stamp
d:\vs2017_project\fantasyrender\1\build\release\fantasyrender.exe
d:\vs2017_project\fantasyrender\1\build\fantasyrender.dir\release\fantasyrender.tlog\cl.command.1.tlog
d:\vs2017_project\fantasyrender\1\build\fantasyrender.dir\release\fantasyrender.tlog\cl.read.1.tlog
d:\vs2017_project\fantasyrender\1\build\fantasyrender.dir\release\fantasyrender.tlog\cl.write.1.tlog
d:\vs2017_project\fantasyrender\1\build\fantasyrender.dir\release\fantasyrender.tlog\custombuild.command.1.tlog
d:\vs2017_project\fantasyrender\1\build\fantasyrender.dir\release\fantasyrender.tlog\custombuild.read.1.tlog
d:\vs2017_project\fantasyrender\1\build\fantasyrender.dir\release\fantasyrender.tlog\custombuild.write.1.tlog
d:\vs2017_project\fantasyrender\1\build\fantasyrender.dir\release\fantasyrender.tlog\link.command.1.tlog
d:\vs2017_project\fantasyrender\1\build\fantasyrender.dir\release\fantasyrender.tlog\link.read.1.tlog
d:\vs2017_project\fantasyrender\1\build\fantasyrender.dir\release\fantasyrender.tlog\link.write.1.tlog
