  window_windows.cpp
d:\vs2017_project\fantasyrender\minirender\window_windows.cpp(75): warning C4244: “=”: 从“_Ty”转换到“unsigned char”，可能丢失数据
          with
          [
              _Ty=float
          ]
d:\vs2017_project\fantasyrender\minirender\window_windows.cpp(76): warning C4244: “=”: 从“_Ty”转换到“unsigned char”，可能丢失数据
          with
          [
              _Ty=float
          ]
d:\vs2017_project\fantasyrender\minirender\window_windows.cpp(77): warning C4244: “=”: 从“_Ty”转换到“unsigned char”，可能丢失数据
          with
          [
              _Ty=float
          ]
d:\vs2017_project\fantasyrender\minirender\window_windows.cpp(166): warning C4244: “+=”: 从“double”转换到“_Ty”，可能丢失数据
          with
          [
              _Ty=float
          ]
d:\vs2017_project\fantasyrender\minirender\window_windows.cpp(171): warning C4244: “-=”: 从“double”转换到“_Ty”，可能丢失数据
          with
          [
              _Ty=float
          ]
d:\vs2017_project\fantasyrender\minirender\window_windows.cpp(177): warning C4244: “-=”: 从“double”转换到“_Ty”，可能丢失数据
          with
          [
              _Ty=float
          ]
d:\vs2017_project\fantasyrender\minirender\window_windows.cpp(183): warning C4244: “+=”: 从“double”转换到“_Ty”，可能丢失数据
          with
          [
              _Ty=float
          ]
d:\vs2017_project\fantasyrender\minirender\window_windows.cpp(191): warning C4838: 从“double”转换到“_Ty”需要收缩转换
          with
          [
              _Ty=float
          ]
d:\vs2017_project\fantasyrender\minirender\window_windows.cpp(191): warning C4244: “初始化”: 从“double”转换到“_Ty”，可能丢失数据
          with
          [
              _Ty=float
          ]
d:\vs2017_project\fantasyrender\minirender\window_windows.cpp(204): warning C4244: “+=”: 从“double”转换到“float”，可能丢失数据
  正在生成代码
  1 of 1348 functions (<0.1%) were compiled, the rest were copied from previous compilation.
    0 functions were new in current compilation
    1 functions had inline decision re-evaluated but remain unchanged
  已完成代码的生成
  miniRender.vcxproj -> D:\vs2017_project\fantasyRender\x64\Release\fantasyRender.exe
